# JRE version: 7.0_17-b02
# Java VM: Java HotSpot(TM) 64-Bit Server VM (23.7-b01 mixed mode windows-amd64 compressed oops)
Heap
 par new generation   total 55296K, used 7497K [0x0000000778000000, 0x000000077bc00000, 0x000000077bc00000)
  eden space 49152K,  15% used [0x0000000778000000, 0x0000000778752748, 0x000000077b000000)
  from space 6144K,   0% used [0x000000077b000000, 0x000000077b000000, 0x000000077b600000)
  to   space 6144K,   0% used [0x000000077b600000, 0x000000077b600000, 0x000000077bc00000)
 concurrent mark-sweep generation total 69632K, used 37948K [0x000000077bc00000, 0x0000000780000000, 0x00000007f8000000)
 concurrent-mark-sweep perm gen total 131072K, used 51673K [0x00000007f8000000, 0x0000000800000000, 0x0000000800000000)
GC Heap History (10 events):
Event: 24.030 GC heap before
{Heap before GC invocations=54 (full 49):
 par new generation   total 55296K, used 5633K [0x0000000778000000, 0x000000077bc00000, 0x000000077bc00000)
  eden space 49152K,  11% used [0x0000000778000000, 0x0000000778580530, 0x000000077b000000)
  from space 6144K,   0% used [0x000000077b600000, 0x000000077b600000, 0x000000077bc00000)
  to   space 6144K,   0% used [0x000000077b000000, 0x000000077b000000, 0x000000077b600000)
 concurrent mark-sweep generation total 69632K, used 34153K [0x000000077bc00000, 0x0000000780000000, 0x00000007f8000000)
 concurrent-mark-sweep perm gen total 131072K, used 50550K [0x00000007f8000000, 0x0000000800000000, 0x0000000800000000)
Event: 24.212 GC heap after
Heap after GC invocations=55 (full 50):
 par new generation   total 55296K, used 0K [0x0000000778000000, 0x000000077bc00000, 0x000000077bc00000)
  eden space 49152K,   0% used [0x0000000778000000, 0x0000000778000000, 0x000000077b000000)
  from space 6144K,   0% used [0x000000077b600000, 0x000000077b600000, 0x000000077bc00000)
  to   space 6144K,   0% used [0x000000077b000000, 0x000000077b000000, 0x000000077b600000)
 concurrent mark-sweep generation total 69632K, used 34200K [0x000000077bc00000, 0x0000000780000000, 0x00000007f8000000)
 concurrent-mark-sweep perm gen total 131072K, used 50549K [0x00000007f8000000, 0x0000000800000000, 0x0000000800000000)
}
Event: 33.359 GC heap before
{Heap before GC invocations=55 (full 50):
 par new generation   total 55296K, used 49152K [0x0000000778000000, 0x000000077bc00000, 0x000000077bc00000)
  eden space 49152K, 100% used [0x0000000778000000, 0x000000077b000000, 0x000000077b000000)
  from space 6144K,   0% used [0x000000077b600000, 0x000000077b600000, 0x000000077bc00000)
  to   space 6144K,   0% used [0x000000077b000000, 0x000000077b000000, 0x000000077b600000)
 concurrent mark-sweep generation total 69632K, used 34200K [0x000000077bc00000, 0x0000000780000000, 0x00000007f8000000)
 concurrent-mark-sweep perm gen total 131072K, used 50841K [0x00000007f8000000, 0x0000000800000000, 0x0000000800000000)
Event: 33.369 GC heap after
Heap after GC invocations=56 (full 50):
 par new generation   total 55296K, used 4884K [0x0000000778000000, 0x000000077bc00000, 0x000000077bc00000)
  eden space 49152K,   0% used [0x0000000778000000, 0x0000000778000000, 0x000000077b000000)
  from space 6144K,  79% used [0x000000077b000000, 0x000000077b4c5138, 0x000000077b600000)
  to   space 6144K,   0% used [0x000000077b600000, 0x000000077b600000, 0x000000077bc00000)
 concurrent mark-sweep generation total 69632K, used 34200K [0x000000077bc00000, 0x0000000780000000, 0x00000007f8000000)
 concurrent-mark-sweep perm gen total 131072K, used 50841K [0x00000007f8000000, 0x0000000800000000, 0x0000000800000000)
}
Event: 37.009 GC heap before
{Heap before GC invocations=56 (full 50):
 par new generation   total 55296K, used 54036K [0x0000000778000000, 0x000000077bc00000, 0x000000077bc00000)
  eden space 49152K, 100% used [0x0000000778000000, 0x000000077b000000, 0x000000077b000000)
  from space 6144K,  79% used [0x000000077b000000, 0x000000077b4c5138, 0x000000077b600000)
  to   space 6144K,   0% used [0x000000077b600000, 0x000000077b600000, 0x000000077bc00000)
 concurrent mark-sweep generation total 69632K, used 34200K [0x000000077bc00000, 0x0000000780000000, 0x00000007f8000000)
 concurrent-mark-sweep perm gen total 131072K, used 51370K [0x00000007f8000000, 0x0000000800000000, 0x0000000800000000)
Event: 37.025 GC heap after
Heap after GC invocations=57 (full 50):
 par new generation   total 55296K, used 5963K [0x0000000778000000, 0x000000077bc00000, 0x000000077bc00000)
  eden space 49152K,   0% used [0x0000000778000000, 0x0000000778000000, 0x000000077b000000)
  from space 6144K,  97% used [0x000000077b600000, 0x000000077bbd2e88, 0x000000077bc00000)
  to   space 6144K,   0% used [0x000000077b000000, 0x000000077b000000, 0x000000077b600000)
 concurrent mark-sweep generation total 69632K, used 38504K [0x000000077bc00000, 0x0000000780000000, 0x00000007f8000000)
 concurrent-mark-sweep perm gen total 131072K, used 51370K [0x00000007f8000000, 0x0000000800000000, 0x0000000800000000)
}
Event: 37.176 GC heap before
{Heap before GC invocations=57 (full 51):
 par new generation   total 55296K, used 7043K [0x0000000778000000, 0x000000077bc00000, 0x000000077bc00000)
  eden space 49152K,   2% used [0x0000000778000000, 0x000000077810dea0, 0x000000077b000000)
  from space 6144K,  97% used [0x000000077b600000, 0x000000077bbd2e88, 0x000000077bc00000)
  to   space 6144K,   0% used [0x000000077b000000, 0x000000077b000000, 0x000000077b600000)
 concurrent mark-sweep generation total 69632K, used 38504K [0x000000077bc00000, 0x0000000780000000, 0x00000007f8000000)
 concurrent-mark-sweep perm gen total 131072K, used 51370K [0x00000007f8000000, 0x0000000800000000, 0x0000000800000000)
Event: 37.193 GC heap after
Heap after GC invocations=58 (full 51):
 par new generation   total 55296K, used 3678K [0x0000000778000000, 0x000000077bc00000, 0x000000077bc00000)
  eden space 49152K,   0% used [0x0000000778000000, 0x0000000778000000, 0x000000077b000000)
  from space 6144K,  59% used [0x000000077b000000, 0x000000077b397a20, 0x000000077b600000)
  to   space 6144K,   0% used [0x000000077b600000, 0x000000077b600000, 0x000000077bc00000)
 concurrent mark-sweep generation total 69632K, used 42983K [0x000000077bc00000, 0x0000000780000000, 0x00000007f8000000)
 concurrent-mark-sweep perm gen total 131072K, used 51370K [0x00000007f8000000, 0x0000000800000000, 0x0000000800000000)
}
Event: 38.630 GC heap before
{Heap before GC invocations=58 (full 51):
 par new generation   total 55296K, used 13275K [0x0000000778000000, 0x000000077bc00000, 0x000000077bc00000)
  eden space 49152K,  19% used [0x0000000778000000, 0x000000077895f200, 0x000000077b000000)
  from space 6144K,  59% used [0x000000077b000000, 0x000000077b397a20, 0x000000077b600000)
  to   space 6144K,   0% used [0x000000077b600000, 0x000000077b600000, 0x000000077bc00000)
 concurrent mark-sweep generation total 69632K, used 39999K [0x000000077bc00000, 0x0000000780000000, 0x00000007f8000000)
 concurrent-mark-sweep perm gen total 131072K, used 51638K [0x00000007f8000000, 0x0000000800000000, 0x0000000800000000)
Event: 38.835 GC heap after
Heap after GC invocations=59 (full 52):
 par new generation   total 55296K, used 0K [0x0000000778000000, 0x000000077bc00000, 0x000000077bc00000)
  eden space 49152K,   0% used [0x0000000778000000, 0x0000000778000000, 0x000000077b000000)
  from space 6144K,   0% used [0x000000077b000000, 0x000000077b000000, 0x000000077b600000)
  to   space 6144K,   0% used [0x000000077b600000, 0x000000077b600000, 0x000000077bc00000)
 concurrent mark-sweep generation total 69632K, used 37948K [0x000000077bc00000, 0x0000000780000000, 0x00000007f8000000)
 concurrent-mark-sweep perm gen total 131072K, used 51634K [0x00000007f8000000, 0x0000000800000000, 0x0000000800000000)
}

